<?xml version="1.0" encoding="UTF-8"?>
<testsuite name="com.lowLevelFrameworkTest.lowLevelFrameworkTest.LowLevelFrameworkTestApplicationTests" tests="1" skipped="0" failures="0" errors="0" timestamp="2019-01-19T08:14:56" hostname="Haris-MacBook-Pro.local" time="0.423">
  <properties/>
  <testcase name="contextLoads" classname="com.lowLevelFrameworkTest.lowLevelFrameworkTest.LowLevelFrameworkTestApplicationTests" time="0.423"/>
  <system-out><![CDATA[13:44:51.174 [Test worker] DEBUG org.springframework.test.context.junit4.SpringJUnit4ClassRunner - SpringJUnit4ClassRunner constructor called with [class com.lowLevelFrameworkTest.lowLevelFrameworkTest.LowLevelFrameworkTestApplicationTests]
13:44:51.196 [Test worker] DEBUG org.springframework.test.context.BootstrapUtils - Instantiating CacheAwareContextLoaderDelegate from class [org.springframework.test.context.cache.DefaultCacheAwareContextLoaderDelegate]
13:44:51.231 [Test worker] DEBUG org.springframework.test.context.BootstrapUtils - Instantiating BootstrapContext using constructor [public org.springframework.test.context.support.DefaultBootstrapContext(java.lang.Class,org.springframework.test.context.CacheAwareContextLoaderDelegate)]
13:44:51.271 [Test worker] DEBUG org.springframework.test.context.BootstrapUtils - Instantiating TestContextBootstrapper for test class [com.lowLevelFrameworkTest.lowLevelFrameworkTest.LowLevelFrameworkTestApplicationTests] from class [org.springframework.boot.test.context.SpringBootTestContextBootstrapper]
13:44:51.287 [Test worker] INFO org.springframework.boot.test.context.SpringBootTestContextBootstrapper - Neither @ContextConfiguration nor @ContextHierarchy found for test class [com.lowLevelFrameworkTest.lowLevelFrameworkTest.LowLevelFrameworkTestApplicationTests], using SpringBootContextLoader
13:44:51.291 [Test worker] DEBUG org.springframework.test.context.support.AbstractContextLoader - Did not detect default resource location for test class [com.lowLevelFrameworkTest.lowLevelFrameworkTest.LowLevelFrameworkTestApplicationTests]: class path resource [com/lowLevelFrameworkTest/lowLevelFrameworkTest/LowLevelFrameworkTestApplicationTests-context.xml] does not exist
13:44:51.292 [Test worker] DEBUG org.springframework.test.context.support.AbstractContextLoader - Did not detect default resource location for test class [com.lowLevelFrameworkTest.lowLevelFrameworkTest.LowLevelFrameworkTestApplicationTests]: class path resource [com/lowLevelFrameworkTest/lowLevelFrameworkTest/LowLevelFrameworkTestApplicationTestsContext.groovy] does not exist
13:44:51.292 [Test worker] INFO org.springframework.test.context.support.AbstractContextLoader - Could not detect default resource locations for test class [com.lowLevelFrameworkTest.lowLevelFrameworkTest.LowLevelFrameworkTestApplicationTests]: no resource found for suffixes {-context.xml, Context.groovy}.
13:44:51.293 [Test worker] INFO org.springframework.test.context.support.AnnotationConfigContextLoaderUtils - Could not detect default configuration classes for test class [com.lowLevelFrameworkTest.lowLevelFrameworkTest.LowLevelFrameworkTestApplicationTests]: LowLevelFrameworkTestApplicationTests does not declare any static, non-private, non-final, nested classes annotated with @Configuration.
13:44:51.402 [Test worker] DEBUG org.springframework.test.context.support.ActiveProfilesUtils - Could not find an 'annotation declaring class' for annotation type [org.springframework.test.context.ActiveProfiles] and class [com.lowLevelFrameworkTest.lowLevelFrameworkTest.LowLevelFrameworkTestApplicationTests]
13:44:51.545 [Test worker] DEBUG org.springframework.context.annotation.ClassPathScanningCandidateComponentProvider - Identified candidate component class: file [/Users/hari/Documents/lowLevelFrameworkTest/build/classes/java/main/com/lowLevelFrameworkTest/lowLevelFrameworkTest/LowLevelFrameworkTestApplication.class]
13:44:51.549 [Test worker] INFO org.springframework.boot.test.context.SpringBootTestContextBootstrapper - Found @SpringBootConfiguration com.lowLevelFrameworkTest.lowLevelFrameworkTest.LowLevelFrameworkTestApplication for test class com.lowLevelFrameworkTest.lowLevelFrameworkTest.LowLevelFrameworkTestApplicationTests
13:44:51.782 [Test worker] DEBUG org.springframework.boot.test.context.SpringBootTestContextBootstrapper - @TestExecutionListeners is not present for class [com.lowLevelFrameworkTest.lowLevelFrameworkTest.LowLevelFrameworkTestApplicationTests]: using defaults.
13:44:51.790 [Test worker] INFO org.springframework.boot.test.context.SpringBootTestContextBootstrapper - Loaded default TestExecutionListener class names from location [META-INF/spring.factories]: [org.springframework.boot.test.autoconfigure.restdocs.RestDocsTestExecutionListener, org.springframework.boot.test.autoconfigure.web.client.MockRestServiceServerResetTestExecutionListener, org.springframework.boot.test.autoconfigure.web.servlet.MockMvcPrintOnlyOnFailureTestExecutionListener, org.springframework.boot.test.autoconfigure.web.servlet.WebDriverTestExecutionListener, org.springframework.boot.test.mock.mockito.MockitoTestExecutionListener, org.springframework.boot.test.mock.mockito.ResetMocksTestExecutionListener, org.springframework.test.context.web.ServletTestExecutionListener, org.springframework.test.context.support.DirtiesContextBeforeModesTestExecutionListener, org.springframework.test.context.support.DependencyInjectionTestExecutionListener, org.springframework.test.context.support.DirtiesContextTestExecutionListener, org.springframework.test.context.transaction.TransactionalTestExecutionListener, org.springframework.test.context.jdbc.SqlScriptsTestExecutionListener]
13:44:51.831 [Test worker] DEBUG org.springframework.boot.test.context.SpringBootTestContextBootstrapper - Skipping candidate TestExecutionListener [org.springframework.test.context.transaction.TransactionalTestExecutionListener] due to a missing dependency. Specify custom listener classes or make the default listener classes and their required dependencies available. Offending class: [org/springframework/transaction/interceptor/TransactionAttributeSource]
13:44:51.833 [Test worker] DEBUG org.springframework.boot.test.context.SpringBootTestContextBootstrapper - Skipping candidate TestExecutionListener [org.springframework.test.context.jdbc.SqlScriptsTestExecutionListener] due to a missing dependency. Specify custom listener classes or make the default listener classes and their required dependencies available. Offending class: [org/springframework/transaction/interceptor/TransactionAttribute]
13:44:51.835 [Test worker] INFO org.springframework.boot.test.context.SpringBootTestContextBootstrapper - Using TestExecutionListeners: [org.springframework.test.context.web.ServletTestExecutionListener@73058d36, org.springframework.test.context.support.DirtiesContextBeforeModesTestExecutionListener@7c49dfc6, org.springframework.boot.test.mock.mockito.MockitoTestExecutionListener@5958b5d0, org.springframework.boot.test.autoconfigure.SpringBootDependencyInjectionTestExecutionListener@1b6fe3b7, org.springframework.test.context.support.DirtiesContextTestExecutionListener@44dcb1d1, org.springframework.boot.test.autoconfigure.restdocs.RestDocsTestExecutionListener@7659f163, org.springframework.boot.test.autoconfigure.web.client.MockRestServiceServerResetTestExecutionListener@6ab32c4d, org.springframework.boot.test.autoconfigure.web.servlet.MockMvcPrintOnlyOnFailureTestExecutionListener@ea518f7, org.springframework.boot.test.autoconfigure.web.servlet.WebDriverTestExecutionListener@2fd662cb, org.springframework.boot.test.mock.mockito.ResetMocksTestExecutionListener@163d4cbb]
13:44:51.845 [Test worker] DEBUG org.springframework.test.annotation.ProfileValueUtils - Retrieved @ProfileValueSourceConfiguration [null] for test class [com.lowLevelFrameworkTest.lowLevelFrameworkTest.LowLevelFrameworkTestApplicationTests]
13:44:51.846 [Test worker] DEBUG org.springframework.test.annotation.ProfileValueUtils - Retrieved ProfileValueSource type [class org.springframework.test.annotation.SystemProfileValueSource] for class [com.lowLevelFrameworkTest.lowLevelFrameworkTest.LowLevelFrameworkTestApplicationTests]
13:44:51.847 [Test worker] DEBUG org.springframework.test.annotation.ProfileValueUtils - Retrieved @ProfileValueSourceConfiguration [null] for test class [com.lowLevelFrameworkTest.lowLevelFrameworkTest.LowLevelFrameworkTestApplicationTests]
13:44:51.847 [Test worker] DEBUG org.springframework.test.annotation.ProfileValueUtils - Retrieved ProfileValueSource type [class org.springframework.test.annotation.SystemProfileValueSource] for class [com.lowLevelFrameworkTest.lowLevelFrameworkTest.LowLevelFrameworkTestApplicationTests]
13:44:51.857 [Test worker] DEBUG org.springframework.test.context.support.AbstractDirtiesContextTestExecutionListener - Before test class: context [DefaultTestContext@17246a81 testClass = LowLevelFrameworkTestApplicationTests, testInstance = [null], testMethod = [null], testException = [null], mergedContextConfiguration = [WebMergedContextConfiguration@7fd0a842 testClass = LowLevelFrameworkTestApplicationTests, locations = '{}', classes = '{class com.lowLevelFrameworkTest.lowLevelFrameworkTest.LowLevelFrameworkTestApplication}', contextInitializerClasses = '[]', activeProfiles = '{}', propertySourceLocations = '{}', propertySourceProperties = '{org.springframework.boot.test.context.SpringBootTestContextBootstrapper=true}', contextCustomizers = set[org.springframework.boot.test.autoconfigure.properties.PropertyMappingContextCustomizer@0, org.springframework.boot.test.autoconfigure.web.servlet.WebDriverContextCustomizerFactory$Customizer@6ee2faff, org.springframework.boot.test.context.filter.ExcludeFilterContextCustomizer@55ad728b, org.springframework.boot.test.json.DuplicateJsonObjectContextCustomizerFactory$DuplicateJsonObjectContextCustomizer@5c3c419f, org.springframework.boot.test.mock.mockito.MockitoContextCustomizer@0, org.springframework.boot.test.web.client.TestRestTemplateContextCustomizer@3944d96f], resourceBasePath = 'src/main/webapp', contextLoader = 'org.springframework.boot.test.context.SpringBootContextLoader', parent = [null]], attributes = map['org.springframework.test.context.web.ServletTestExecutionListener.activateListener' -> true]], class annotated with @DirtiesContext [false] with mode [null].
13:44:51.859 [Test worker] DEBUG org.springframework.test.annotation.ProfileValueUtils - Retrieved @ProfileValueSourceConfiguration [null] for test class [com.lowLevelFrameworkTest.lowLevelFrameworkTest.LowLevelFrameworkTestApplicationTests]
13:44:51.859 [Test worker] DEBUG org.springframework.test.annotation.ProfileValueUtils - Retrieved ProfileValueSource type [class org.springframework.test.annotation.SystemProfileValueSource] for class [com.lowLevelFrameworkTest.lowLevelFrameworkTest.LowLevelFrameworkTestApplicationTests]
13:44:51.896 [Test worker] DEBUG org.springframework.test.context.support.TestPropertySourceUtils - Adding inlined properties to environment: {spring.jmx.enabled=false, org.springframework.boot.test.context.SpringBootTestContextBootstrapper=true, server.port=-1}

  .   ____          _            __ _ _
 /\\ / ___'_ __ _ _(_)_ __  __ _ \ \ \ \
( ( )\___ | '_ | '_| | '_ \/ _` | \ \ \ \
 \\/  ___)| |_)| | | | | || (_| |  ) ) ) )
  '  |____| .__|_| |_|_| |_\__, | / / / /
 =========|_|==============|___/=/_/_/_/
 :: Spring Boot ::        (v2.1.2.RELEASE)

2019-01-19 13:44:52.540  INFO 78181 --- [    Test worker] .l.LowLevelFrameworkTestApplicationTests : Starting LowLevelFrameworkTestApplicationTests on Haris-MacBook-Pro.local with PID 78181 (started by hari in /Users/hari/Documents/lowLevelFrameworkTest)
2019-01-19 13:44:52.545  INFO 78181 --- [    Test worker] .l.LowLevelFrameworkTestApplicationTests : No active profile set, falling back to default profiles: default
2019-01-19 13:44:55.416  INFO 78181 --- [    Test worker] o.s.s.concurrent.ThreadPoolTaskExecutor  : Initializing ExecutorService 'applicationTaskExecutor'
2019-01-19 13:44:56.025  INFO 78181 --- [    Test worker] .l.LowLevelFrameworkTestApplicationTests : Started LowLevelFrameworkTestApplicationTests in 4.117 seconds (JVM running for 5.892)
]]></system-out>
  <system-err><![CDATA[]]></system-err>
</testsuite>
